Using pre-set license
Built from '2020.2/china_unity/release' branch; Version is '2020.2.1f1c1 (252d8215dd99) revision 2436482'; Using compiler version '192528614'; Build Type 'Release'
OS: 'Windows 10  (10.0.0) 64bit' Language: 'zh' Physical Memory: 16269 MB
BatchMode: 1, IsHumanControllingUs: 0, StartBugReporterOnCrash: 0, Is64bit: 1, IsPro: 0

 COMMAND LINE ARGUMENTS:
G:\2020.2.1f1c1\Editor\Unity.exe
-adb2
-batchMode
-noUpm
-name
AssetImportWorker0
-projectPath
F:/unitygametest/2021/2/20/2D_Demo
-logFile
Logs/AssetImportWorker0.log
-srvPort
7798
Successfully changed project path to: F:/unitygametest/2021/2/20/2D_Demo
F:/unitygametest/2021/2/20/2D_Demo
Using Asset Import Pipeline V2.
Refreshing native plugins compatible for Editor in 43.44 ms, found 1 plugins.
Preloading 0 native plugins for Editor in 0.00 ms.
Initialize engine version: 2020.2.1f1c1 (252d8215dd99)
[Subsystems] Discovering subsystems at path G:/2020.2.1f1c1/Editor/Data/Resources/UnitySubsystems
[Subsystems] Discovering subsystems at path F:/unitygametest/2021/2/20/2D_Demo/Assets
GfxDevice: creating device client; threaded=0
Direct3D:
    Version:  Direct3D 11.0 [level 11.1]
    Renderer: NVIDIA GeForce GTX 1050 Ti (ID=0x1c8c)
    Vendor:   
    VRAM:     4018 MB
    Driver:   27.21.14.5241
Initialize mono
Mono path[0] = 'G:/2020.2.1f1c1/Editor/Data/Managed'
Mono path[1] = 'G:/2020.2.1f1c1/Editor/Data/MonoBleedingEdge/lib/mono/unityjit'
Mono config path = 'G:/2020.2.1f1c1/Editor/Data/MonoBleedingEdge/etc'
Using monoOptions --debugger-agent=transport=dt_socket,embedding=1,server=y,suspend=n,address=127.0.0.1:56900
Begin MonoManager ReloadAssembly
Registering precompiled unity dll's ...
Register platform support module: G:/2020.2.1f1c1/Editor/Data/PlaybackEngines/WebGLSupport/UnityEditor.WebGL.Extensions.dll
Register platform support module: G:/2020.2.1f1c1/Editor/Data/PlaybackEngines/WindowsStandaloneSupport/UnityEditor.WindowsStandalone.Extensions.dll
Registered in 0.001453 seconds.
Native extension for WindowsStandalone target not found
Native extension for WebGL target not found
Refreshing native plugins compatible for Editor in 44.16 ms, found 1 plugins.
Preloading 0 native plugins for Editor in 0.00 ms.
Invoked RoslynAnalysisRunner static constructor.
RoslynAnalysisRunner will not be running.
RoslynAnalysisRunner has terminated.
Mono: successfully reloaded assembly
- Completed reload, in  1.125 seconds
Platform modules already initialized, skipping
Registering precompiled user dll's ...
Registered in 0.001089 seconds.
Begin MonoManager ReloadAssembly
Native extension for WindowsStandalone target not found
Native extension for WebGL target not found
Refreshing native plugins compatible for Editor in 50.82 ms, found 1 plugins.
Preloading 0 native plugins for Editor in 0.00 ms.
Invoked RoslynAnalysisRunner static constructor.
RoslynAnalysisRunner will not be running.
RoslynAnalysisRunner has terminated.
Mono: successfully reloaded assembly
- Completed reload, in  1.107 seconds
Platform modules already initialized, skipping
========================================================================
Worker process is ready to serve import requests
Launched and connected shader compiler UnityShaderCompiler.exe after 0.04 seconds
Refreshing native plugins compatible for Editor in 0.43 ms, found 1 plugins.
Preloading 0 native plugins for Editor in 0.00 ms.
Unloading 1843 Unused Serialized files (Serialized files now loaded: 0)
System memory in use before: 85.3 MB.
System memory in use after: 85.3 MB.

Unloading 19 unused Assets to reduce memory usage. Loaded Objects now: 2290.
Total: 2.659200 ms (FindLiveObjects: 0.329400 ms CreateObjectMapping: 0.185100 ms MarkObjects: 2.061800 ms  DeleteObjects: 0.081600 ms)

========================================================================
Received Import Request.
  path: Assets/FsmTest/Hero Knight - Pixel Art/ColorSwap
  artifactKey: Guid(455077d0ddb80f34ab6c6377d3cb5b80) Importer(815301076,1909f56bfc062723c751e8b465ee728b)
Start importing Assets/FsmTest/Hero Knight - Pixel Art/ColorSwap using Guid(455077d0ddb80f34ab6c6377d3cb5b80) Importer(815301076,1909f56bfc062723c751e8b465ee728b)  -> (artifact id: 'af706ce6d630a5b2a7282c687a8365ff') in 0.009760 seconds
  Import took 0.012782 seconds .

========================================================================
Received Import Request.
  Time since last request: 0.000366 seconds.
  path: Assets/FsmTest/Hero Knight - Pixel Art/ColorSwap/ColorSwap_HeroKnight.cs
  artifactKey: Guid(4e3fab4f60695b14c9a85e1b2c51ecaf) Importer(815301076,1909f56bfc062723c751e8b465ee728b)
Start importing Assets/FsmTest/Hero Knight - Pixel Art/ColorSwap/ColorSwap_HeroKnight.cs using Guid(4e3fab4f60695b14c9a85e1b2c51ecaf) Importer(815301076,1909f56bfc062723c751e8b465ee728b)  -> (artifact id: 'df520133982a108d72aac5e7b0a69677') in 0.070439 seconds
  Import took 0.073774 seconds .

========================================================================
Received Import Request.
  Time since last request: 0.000324 seconds.
  path: Assets/FsmTest/Hero Knight - Pixel Art
  artifactKey: Guid(248091350703b10458bab58b9a8460ba) Importer(815301076,1909f56bfc062723c751e8b465ee728b)
Start importing Assets/FsmTest/Hero Knight - Pixel Art using Guid(248091350703b10458bab58b9a8460ba) Importer(815301076,1909f56bfc062723c751e8b465ee728b)  -> (artifact id: 'f7e99b867a49bcebbea26c6c09037692') in 0.008092 seconds
  Import took 0.012191 seconds .

========================================================================
Received Import Request.
  Time since last request: 0.000260 seconds.
  path: Assets/FsmTest/Hero Knight - Pixel Art/ColorSwap/swap_texture.png
  artifactKey: Guid(5f8c87aa3e6c2aa47bee2ff396a98f2c) Importer(815301076,1909f56bfc062723c751e8b465ee728b)
Start importing Assets/FsmTest/Hero Knight - Pixel Art/ColorSwap/swap_texture.png using Guid(5f8c87aa3e6c2aa47bee2ff396a98f2c) Importer(815301076,1909f56bfc062723c751e8b465ee728b)  -> (artifact id: '96f9d0260f7ce209703d576917f24565') in 0.169616 seconds
  Import took 0.174324 seconds .

========================================================================
Received Import Request.
  Time since last request: 0.000388 seconds.
  path: Assets/FsmTest/Hero Knight - Pixel Art/ColorSwap/ColorSwap.mat
  artifactKey: Guid(b58354c186d9bde42ad2a4ab0545dde9) Importer(815301076,1909f56bfc062723c751e8b465ee728b)
Start importing Assets/FsmTest/Hero Knight - Pixel Art/ColorSwap/ColorSwap.mat using Guid(b58354c186d9bde42ad2a4ab0545dde9) Importer(815301076,1909f56bfc062723c751e8b465ee728b)  -> (artifact id: '79ec45e07921715943356f1c143321fe') in 0.202687 seconds
  Import took 0.206794 seconds .

========================================================================
Received Import Request.
  Time since last request: 2.287240 seconds.
  path: Assets/FsmTest/Hero Knight - Pixel Art/Demo
  artifactKey: Guid(09a0c900cf3b39b4e834bb8110365207) Importer(815301076,1909f56bfc062723c751e8b465ee728b)
Start importing Assets/FsmTest/Hero Knight - Pixel Art/Demo using Guid(09a0c900cf3b39b4e834bb8110365207) Importer(815301076,1909f56bfc062723c751e8b465ee728b)  -> (artifact id: '9460ef9cc2051264eefb43e95e1e2a92') in 0.008983 seconds
  Import took 0.012824 seconds .

========================================================================
Received Import Request.
  Time since last request: 0.095288 seconds.
  path: Assets/FsmTest/Hero Knight - Pixel Art/Demo/BlockFlash.prefab
  artifactKey: Guid(803b96fa8ebd5a749bdf32bd0e553139) Importer(815301076,1909f56bfc062723c751e8b465ee728b)
Start importing Assets/FsmTest/Hero Knight - Pixel Art/Demo/BlockFlash.prefab using Guid(803b96fa8ebd5a749bdf32bd0e553139) Importer(815301076,1909f56bfc062723c751e8b465ee728b)  -> (artifact id: 'b3cb07b3172b76c12b976bfcaca5b155') in 0.081152 seconds
  Import took 0.085055 seconds .

========================================================================
Received Import Request.
  Time since last request: 0.000346 seconds.
  path: Assets/FsmTest/Hero Knight - Pixel Art/Demo/HeroKnight_Green.prefab
  artifactKey: Guid(2f7eeaf41636b0f4f8ca52ea6858fd36) Importer(815301076,1909f56bfc062723c751e8b465ee728b)
Start importing Assets/FsmTest/Hero Knight - Pixel Art/Demo/HeroKnight_Green.prefab using Guid(2f7eeaf41636b0f4f8ca52ea6858fd36) Importer(815301076,1909f56bfc062723c751e8b465ee728b)  -> (artifact id: '4c04bafc586546350e2cb4120c89e5f0') in 0.050092 seconds
  Import took 0.053831 seconds .

========================================================================
Received Import Request.
  Time since last request: 0.000383 seconds.
  path: Assets/FsmTest/Hero Knight - Pixel Art/Demo/HeroKnight.prefab
  artifactKey: Guid(a4b4a6d32bcb19248a754d6602ffc7e4) Importer(815301076,1909f56bfc062723c751e8b465ee728b)
Start importing Assets/FsmTest/Hero Knight - Pixel Art/Demo/HeroKnight.prefab using Guid(a4b4a6d32bcb19248a754d6602ffc7e4) Importer(815301076,1909f56bfc062723c751e8b465ee728b)  -> (artifact id: 'f0cbe501381165160c96855ec928ea4c') in 0.036663 seconds
  Import took 0.040817 seconds .

========================================================================
Received Import Request.
  Time since last request: 0.000315 seconds.
  path: Assets/FsmTest/Hero Knight - Pixel Art/Demo/HeroKnight_Yellow.prefab
  artifactKey: Guid(3e14bf7b39e2c2940a826eb72e6b8043) Importer(815301076,1909f56bfc062723c751e8b465ee728b)
Start importing Assets/FsmTest/Hero Knight - Pixel Art/Demo/HeroKnight_Yellow.prefab using Guid(3e14bf7b39e2c2940a826eb72e6b8043) Importer(815301076,1909f56bfc062723c751e8b465ee728b)  -> (artifact id: 'ce3955da02a34e26515cc5e0bf8efb41') in 0.037428 seconds
  Import took 0.041743 seconds .

========================================================================
Received Import Request.
  Time since last request: 0.000588 seconds.
  path: Assets/FsmTest/Hero Knight - Pixel Art/Demo/SlideDust.prefab
  artifactKey: Guid(8b8c8cc6774fb074cb9139cc631b108e) Importer(815301076,1909f56bfc062723c751e8b465ee728b)
Start importing Assets/FsmTest/Hero Knight - Pixel Art/Demo/SlideDust.prefab using Guid(8b8c8cc6774fb074cb9139cc631b108e) Importer(815301076,1909f56bfc062723c751e8b465ee728b)  -> (artifact id: '1878730074f2077aeffc268b1ec5e2b5') in 0.024428 seconds
  Import took 0.028536 seconds .

========================================================================
Received Import Request.
  Time since last request: 4.071937 seconds.
  path: Assets/FsmTest/Hero Knight - Pixel Art/Demo/DestroyEvent_HeroKnight.cs
  artifactKey: Guid(52753f3b24fd0e84d8e6d8c3155daed4) Importer(815301076,1909f56bfc062723c751e8b465ee728b)
Start importing Assets/FsmTest/Hero Knight - Pixel Art/Demo/DestroyEvent_HeroKnight.cs using Guid(52753f3b24fd0e84d8e6d8c3155daed4) Importer(815301076,1909f56bfc062723c751e8b465ee728b)  -> (artifact id: '9601488d4d2f8db634c66104c8a28d66') in 0.008807 seconds
  Import took 0.043799 seconds .

========================================================================
Received Import Request.
  Time since last request: 0.945152 seconds.
  path: Assets/FsmTest/Hero Knight - Pixel Art/Demo/HeroKnight.cs
  artifactKey: Guid(0f5034bc83802944c9bca57c55e08978) Importer(815301076,1909f56bfc062723c751e8b465ee728b)
Start importing Assets/FsmTest/Hero Knight - Pixel Art/Demo/HeroKnight.cs using Guid(0f5034bc83802944c9bca57c55e08978) Importer(815301076,1909f56bfc062723c751e8b465ee728b)  -> (artifact id: '96fe811ed245157932d24f44bef05993') in 0.003008 seconds
  Import took 0.006689 seconds .

========================================================================
Received Import Request.
  Time since last request: 0.049492 seconds.
  path: Assets/FsmTest/Hero Knight - Pixel Art/Demo/HeroKnight.cs
  artifactKey: Guid(0f5034bc83802944c9bca57c55e08978) Importer(815301076,1909f56bfc062723c751e8b465ee728b)
Start importing Assets/FsmTest/Hero Knight - Pixel Art/Demo/HeroKnight.cs using Guid(0f5034bc83802944c9bca57c55e08978) Importer(815301076,1909f56bfc062723c751e8b465ee728b)  -> (artifact id: '96fe811ed245157932d24f44bef05993') in 0.003862 seconds
  Import took 0.008251 seconds .

========================================================================
Received Import Request.
  Time since last request: 1.500737 seconds.
  path: Assets/FsmTest/Hero Knight - Pixel Art/Environment
  artifactKey: Guid(b486a59b54cc7224c9e1724a1202e532) Importer(815301076,1909f56bfc062723c751e8b465ee728b)
Start importing Assets/FsmTest/Hero Knight - Pixel Art/Environment using Guid(b486a59b54cc7224c9e1724a1202e532) Importer(815301076,1909f56bfc062723c751e8b465ee728b)  -> (artifact id: '2bb65e9de653441e3b7b3d19bb36cd85') in 0.009207 seconds
  Import took 0.013617 seconds .

========================================================================
Received Import Request.
  Time since last request: 0.000809 seconds.
  path: Assets/FsmTest/Hero Knight - Pixel Art/Environment
  artifactKey: Guid(b486a59b54cc7224c9e1724a1202e532) Importer(815301076,1909f56bfc062723c751e8b465ee728b)
Start importing Assets/FsmTest/Hero Knight - Pixel Art/Environment using Guid(b486a59b54cc7224c9e1724a1202e532) Importer(815301076,1909f56bfc062723c751e8b465ee728b)  -> (artifact id: '2bb65e9de653441e3b7b3d19bb36cd85') in 0.003161 seconds
  Import took 0.007183 seconds .

========================================================================
Received Import Request.
  Time since last request: 0.051216 seconds.
  path: Assets/FsmTest/Hero Knight - Pixel Art/Environment/EnvironmentPalette_HeroKnight.prefab
  artifactKey: Guid(d0a86346e04015245ae6126e465b87c0) Importer(815301076,1909f56bfc062723c751e8b465ee728b)
Start importing Assets/FsmTest/Hero Knight - Pixel Art/Environment/EnvironmentPalette_HeroKnight.prefab using Guid(d0a86346e04015245ae6126e465b87c0) Importer(815301076,1909f56bfc062723c751e8b465ee728b)  -> (artifact id: 'b3656a93de46ff17459066eb009ced89') in 0.011251 seconds
  Import took 0.014377 seconds .

========================================================================
Received Import Request.
  Time since last request: 0.000309 seconds.
  path: Assets/FsmTest/Hero Knight - Pixel Art/Environment/EnvironmentTiles_0.asset
  artifactKey: Guid(a3f5e82170913a042b8a1a7ca021cd41) Importer(815301076,1909f56bfc062723c751e8b465ee728b)
Start importing Assets/FsmTest/Hero Knight - Pixel Art/Environment/EnvironmentTiles_0.asset using Guid(a3f5e82170913a042b8a1a7ca021cd41) Importer(815301076,1909f56bfc062723c751e8b465ee728b)  -> (artifact id: '68e9f687d2e5ce3d7b66a437ae300aa6') in 0.079340 seconds
  Import took 0.082552 seconds .

========================================================================
Received Import Request.
  Time since last request: 0.000307 seconds.
  path: Assets/FsmTest/Hero Knight - Pixel Art/Environment/Walls_noFriction.physicsMaterial2D
  artifactKey: Guid(9c497a4ce1f356b448c0dd3eca091d35) Importer(815301076,1909f56bfc062723c751e8b465ee728b)
Start importing Assets/FsmTest/Hero Knight - Pixel Art/Environment/Walls_noFriction.physicsMaterial2D using Guid(9c497a4ce1f356b448c0dd3eca091d35) Importer(815301076,1909f56bfc062723c751e8b465ee728b)  -> (artifact id: '0c11f78251cf9eb57584243934eebdb9') in 0.013267 seconds
  Import took 0.016682 seconds .

========================================================================
Received Import Request.
  Time since last request: 0.000417 seconds.
  path: Assets/FsmTest/Hero Knight - Pixel Art/Environment/EnvironmentTiles_2.asset
  artifactKey: Guid(16944a65ef007594a9a62996602798ae) Importer(815301076,1909f56bfc062723c751e8b465ee728b)
Start importing Assets/FsmTest/Hero Knight - Pixel Art/Environment/EnvironmentTiles_2.asset using Guid(16944a65ef007594a9a62996602798ae) Importer(815301076,1909f56bfc062723c751e8b465ee728b)  -> (artifact id: '5b6f51486a83465f2410a017716728c8') in 0.019971 seconds
  Import took 0.023829 seconds .

========================================================================
Received Import Request.
  Time since last request: 0.000334 seconds.
  path: Assets/FsmTest/Hero Knight - Pixel Art/Environment/EnvironmentTiles_3.asset
  artifactKey: Guid(50037ea5bf884e3438442ce9d2f0df1c) Importer(815301076,1909f56bfc062723c751e8b465ee728b)
Start importing Assets/FsmTest/Hero Knight - Pixel Art/Environment/EnvironmentTiles_3.asset using Guid(50037ea5bf884e3438442ce9d2f0df1c) Importer(815301076,1909f56bfc062723c751e8b465ee728b)  -> (artifact id: 'fb723567767475cdca7a00c81ddeb237') in 0.022166 seconds
  Import took 0.025539 seconds .

========================================================================
Received Import Request.
  Time since last request: 0.000315 seconds.
  path: Assets/FsmTest/Hero Knight - Pixel Art/Environment/EnvironmentTiles_1.asset
  artifactKey: Guid(932822c3aa72d6245a38fc0e08fe9ef3) Importer(815301076,1909f56bfc062723c751e8b465ee728b)
Start importing Assets/FsmTest/Hero Knight - Pixel Art/Environment/EnvironmentTiles_1.asset using Guid(932822c3aa72d6245a38fc0e08fe9ef3) Importer(815301076,1909f56bfc062723c751e8b465ee728b)  -> (artifact id: 'e0ad6779cd55608ee45974c37385f907') in 0.022010 seconds
  Import took 0.025903 seconds .

========================================================================
Received Import Request.
  Time since last request: 2.306548 seconds.
  path: Assets/FsmTest/Hero Knight - Pixel Art/Sprites
  artifactKey: Guid(e14e5185a32f9764587a60efb75130db) Importer(815301076,1909f56bfc062723c751e8b465ee728b)
Start importing Assets/FsmTest/Hero Knight - Pixel Art/Sprites using Guid(e14e5185a32f9764587a60efb75130db) Importer(815301076,1909f56bfc062723c751e8b465ee728b)  -> (artifact id: '6ca37b7bce2db4cc2663ce651684ce5c') in 0.008619 seconds
  Import took 0.013114 seconds .

========================================================================
Received Import Request.
  Time since last request: 0.073599 seconds.
  path: Assets/FsmTest/Hero Knight - Pixel Art/Sprites/Background.png
  artifactKey: Guid(33dccf83b7f7f294992c97ebe1990464) Importer(815301076,1909f56bfc062723c751e8b465ee728b)
Start importing Assets/FsmTest/Hero Knight - Pixel Art/Sprites/Background.png using Guid(33dccf83b7f7f294992c97ebe1990464) Importer(815301076,1909f56bfc062723c751e8b465ee728b)  -> (artifact id: 'b0b7692f756bc7d16eac667e40cd3a06') in 0.021367 seconds
  Import took 0.025466 seconds .

========================================================================
Received Import Request.
  Time since last request: 0.000326 seconds.
  path: Assets/FsmTest/Hero Knight - Pixel Art/Sprites/SlideDust.png
  artifactKey: Guid(7fb51a422c4a36e40b71b06331a74b11) Importer(815301076,1909f56bfc062723c751e8b465ee728b)
Start importing Assets/FsmTest/Hero Knight - Pixel Art/Sprites/SlideDust.png using Guid(7fb51a422c4a36e40b71b06331a74b11) Importer(815301076,1909f56bfc062723c751e8b465ee728b)  -> (artifact id: '107001fbbb60dcaa5b4396d497d2064a') in 0.032770 seconds
  Import took 0.035937 seconds .

========================================================================
Received Import Request.
  Time since last request: 0.000330 seconds.
  path: Assets/FsmTest/Hero Knight - Pixel Art/Sprites/HeroKnight.png
  artifactKey: Guid(ae297123f091bbf4e8f1835eb98fb293) Importer(815301076,1909f56bfc062723c751e8b465ee728b)
Start importing Assets/FsmTest/Hero Knight - Pixel Art/Sprites/HeroKnight.png using Guid(ae297123f091bbf4e8f1835eb98fb293) Importer(815301076,1909f56bfc062723c751e8b465ee728b)  -> (artifact id: 'e126bce8104c475ce204ed7f553e25bc') in 0.211442 seconds
  Import took 0.215055 seconds .

========================================================================
Received Import Request.
  Time since last request: 0.000262 seconds.
  path: Assets/FsmTest/Hero Knight - Pixel Art/Sprites/BlockFlash.png
  artifactKey: Guid(a75445bb16444f14f96fdf9c734945cc) Importer(815301076,1909f56bfc062723c751e8b465ee728b)
Start importing Assets/FsmTest/Hero Knight - Pixel Art/Sprites/BlockFlash.png using Guid(a75445bb16444f14f96fdf9c734945cc) Importer(815301076,1909f56bfc062723c751e8b465ee728b)  -> (artifact id: 'b3c3d037cf5241ae5bd28b0fb219b982') in 0.032829 seconds
  Import took 0.036201 seconds .

========================================================================
Received Import Request.
  Time since last request: 0.000272 seconds.
  path: Assets/FsmTest/Hero Knight - Pixel Art/Sprites/HeroKnight_DeathNoBlood.png
  artifactKey: Guid(432e48af0c833ad4587d222b812b844f) Importer(815301076,1909f56bfc062723c751e8b465ee728b)
Start importing Assets/FsmTest/Hero Knight - Pixel Art/Sprites/HeroKnight_DeathNoBlood.png using Guid(432e48af0c833ad4587d222b812b844f) Importer(815301076,1909f56bfc062723c751e8b465ee728b)  -> (artifact id: 'c5b27f32a70aa8a26d508b6e10486858') in 0.050643 seconds
  Import took 0.055366 seconds .

========================================================================
Received Import Request.
  Time since last request: 0.000253 seconds.
  path: Assets/FsmTest/Hero Knight - Pixel Art/Sprites/BlockFlash.png
  artifactKey: Guid(a75445bb16444f14f96fdf9c734945cc) Importer(815301076,1909f56bfc062723c751e8b465ee728b)
Start importing Assets/FsmTest/Hero Knight - Pixel Art/Sprites/BlockFlash.png using Guid(a75445bb16444f14f96fdf9c734945cc) Importer(815301076,1909f56bfc062723c751e8b465ee728b)  -> (artifact id: 'b3c3d037cf5241ae5bd28b0fb219b982') in 0.025866 seconds
  Import took 0.029917 seconds .

========================================================================
Received Import Request.
  Time since last request: 0.000337 seconds.
  path: Assets/FsmTest/Hero Knight - Pixel Art/Sprites/EnvironmentTiles.png
  artifactKey: Guid(f094595c900579d4c85a02612d8fa36c) Importer(815301076,1909f56bfc062723c751e8b465ee728b)
Start importing Assets/FsmTest/Hero Knight - Pixel Art/Sprites/EnvironmentTiles.png using Guid(f094595c900579d4c85a02612d8fa36c) Importer(815301076,1909f56bfc062723c751e8b465ee728b)  -> (artifact id: 'c92d033e5ebd6412b54dbcb25f05ec80') in 0.039995 seconds
  Import took 0.043432 seconds .

========================================================================
Received Import Request.
  Time since last request: 0.000264 seconds.
  path: Assets/FsmTest/Hero Knight - Pixel Art/Sprites/HeroKnight_BlockNoEffect.png
  artifactKey: Guid(d94b5c1ffa7794547b59105c8f561da3) Importer(815301076,1909f56bfc062723c751e8b465ee728b)
Start importing Assets/FsmTest/Hero Knight - Pixel Art/Sprites/HeroKnight_BlockNoEffect.png using Guid(d94b5c1ffa7794547b59105c8f561da3) Importer(815301076,1909f56bfc062723c751e8b465ee728b)  -> (artifact id: '09dd91d2e6393a86cb9b972cabe6a8ad') in 0.045256 seconds
  Import took 0.048273 seconds .

========================================================================
Received Import Request.
  Time since last request: 28.323296 seconds.
  path: Assets/FsmTest/Hero Knight - Pixel Art/Demo/Demo.unity
  artifactKey: Guid(f9932cc447c2c0b489f7fe04352db427) Importer(815301076,1909f56bfc062723c751e8b465ee728b)
Start importing Assets/FsmTest/Hero Knight - Pixel Art/Demo/Demo.unity using Guid(f9932cc447c2c0b489f7fe04352db427) Importer(815301076,1909f56bfc062723c751e8b465ee728b)  -> (artifact id: '202d6c5f94a014e3b4759ee93b198804') in 0.010462 seconds
  Import took 0.014846 seconds .

========================================================================
Received Import Request.
  Time since last request: 0.000449 seconds.
  path: Assets/FsmTest/Hero Knight - Pixel Art/Demo/Demo.unity
  artifactKey: Guid(f9932cc447c2c0b489f7fe04352db427) Importer(815301076,1909f56bfc062723c751e8b465ee728b)
Start importing Assets/FsmTest/Hero Knight - Pixel Art/Demo/Demo.unity using Guid(f9932cc447c2c0b489f7fe04352db427) Importer(815301076,1909f56bfc062723c751e8b465ee728b)  -> (artifact id: '202d6c5f94a014e3b4759ee93b198804') in 0.004777 seconds
  Import took 0.010094 seconds .

========================================================================
Received Prepare
Registering precompiled user dll's ...
Registered in 0.001360 seconds.
Begin MonoManager ReloadAssembly
Native extension for WindowsStandalone target not found
Native extension for WebGL target not found
Refreshing native plugins compatible for Editor in 0.44 ms, found 1 plugins.
Preloading 0 native plugins for Editor in 0.00 ms.
Invoked RoslynAnalysisRunner static constructor.
RoslynAnalysisRunner will not be running.
RoslynAnalysisRunner has terminated.
Mono: successfully reloaded assembly
- Completed reload, in  1.219 seconds
Platform modules already initialized, skipping
Refreshing native plugins compatible for Editor in 0.44 ms, found 1 plugins.
Preloading 0 native plugins for Editor in 0.00 ms.
Unloading 1832 Unused Serialized files (Serialized files now loaded: 0)
System memory in use before: 88.3 MB.
System memory in use after: 88.5 MB.

Unloading 7 unused Assets to reduce memory usage. Loaded Objects now: 2354.
Total: 2.300200 ms (FindLiveObjects: 0.175200 ms CreateObjectMapping: 0.070100 ms MarkObjects: 2.016000 ms  DeleteObjects: 0.037500 ms)

========================================================================
Received Import Request.
  Time since last request: 383.987355 seconds.
  path: Assets/FsmTest/Hero Knight - Pixel Art/Animations/HeroKnight_Attack1.anim
  artifactKey: Guid(0bafac48b1090284da2048c29bc986ff) Importer(815301076,1909f56bfc062723c751e8b465ee728b)
Start importing Assets/FsmTest/Hero Knight - Pixel Art/Animations/HeroKnight_Attack1.anim using Guid(0bafac48b1090284da2048c29bc986ff) Importer(815301076,1909f56bfc062723c751e8b465ee728b)  -> (artifact id: 'b0141a99ec3b723c92a356fcc62a6e70') in 0.021550 seconds
  Import took 0.028287 seconds .

========================================================================
Received Import Request.
  Time since last request: 0.009070 seconds.
  path: Assets/FsmTest/Hero Knight - Pixel Art/Animations/HeroKnight_Attack1.anim
  artifactKey: Guid(0bafac48b1090284da2048c29bc986ff) Importer(815301076,1909f56bfc062723c751e8b465ee728b)
Start importing Assets/FsmTest/Hero Knight - Pixel Art/Animations/HeroKnight_Attack1.anim using Guid(0bafac48b1090284da2048c29bc986ff) Importer(815301076,1909f56bfc062723c751e8b465ee728b)  -> (artifact id: 'b0141a99ec3b723c92a356fcc62a6e70') in 0.008006 seconds
  Import took 0.012288 seconds .

========================================================================
Received Import Request.
  Time since last request: 52.208634 seconds.
  path: Assets/FsmTest/Hero Knight - Pixel Art/Animations/SlideDust.controller
  artifactKey: Guid(562668619d47d0949b76b61cd4cd5af5) Importer(815301076,1909f56bfc062723c751e8b465ee728b)
Start importing Assets/FsmTest/Hero Knight - Pixel Art/Animations/SlideDust.controller using Guid(562668619d47d0949b76b61cd4cd5af5) Importer(815301076,1909f56bfc062723c751e8b465ee728b)  -> (artifact id: '4d9c855f7afb315f859274dc1ca508a1') in 0.029665 seconds
  Import took 0.034726 seconds .

========================================================================
Received Import Request.
  Time since last request: 2.392297 seconds.
  path: Assets/FsmTest/Hero Knight - Pixel Art/Animations/SlideDust.anim
  artifactKey: Guid(bd6fb9b284d6e4740bd5aff8b767fd25) Importer(815301076,1909f56bfc062723c751e8b465ee728b)
Start importing Assets/FsmTest/Hero Knight - Pixel Art/Animations/SlideDust.anim using Guid(bd6fb9b284d6e4740bd5aff8b767fd25) Importer(815301076,1909f56bfc062723c751e8b465ee728b)  -> (artifact id: '02990a93034dae5c8bdee09e345296bd') in 0.005626 seconds
  Import took 0.009230 seconds .

========================================================================
Received Prepare
Registering precompiled user dll's ...
Registered in 0.001162 seconds.
Begin MonoManager ReloadAssembly
Native extension for WindowsStandalone target not found
Native extension for WebGL target not found
Refreshing native plugins compatible for Editor in 0.43 ms, found 1 plugins.
Preloading 0 native plugins for Editor in 0.00 ms.
Invoked RoslynAnalysisRunner static constructor.
RoslynAnalysisRunner will not be running.
RoslynAnalysisRunner has terminated.
Mono: successfully reloaded assembly
- Completed reload, in  1.108 seconds
Platform modules already initialized, skipping
Refreshing native plugins compatible for Editor in 0.46 ms, found 1 plugins.
Preloading 0 native plugins for Editor in 0.00 ms.
Unloading 1832 Unused Serialized files (Serialized files now loaded: 0)
System memory in use before: 88.5 MB.
System memory in use after: 88.6 MB.

Unloading 7 unused Assets to reduce memory usage. Loaded Objects now: 2357.
Total: 2.692200 ms (FindLiveObjects: 0.365800 ms CreateObjectMapping: 0.073700 ms MarkObjects: 2.235200 ms  DeleteObjects: 0.016400 ms)

========================================================================
Received Import Request.
  Time since last request: 77.359132 seconds.
  path: Assets/FsmTest/Hero Knight - Pixel Art/Animations/HeroKnight_AnimController.controller
  artifactKey: Guid(3c2a5b7097b0fe44394328c0bdb9252e) Importer(815301076,1909f56bfc062723c751e8b465ee728b)
Start importing Assets/FsmTest/Hero Knight - Pixel Art/Animations/HeroKnight_AnimController.controller using Guid(3c2a5b7097b0fe44394328c0bdb9252e) Importer(815301076,1909f56bfc062723c751e8b465ee728b)  -> (artifact id: 'ee34482cffe1cfb245bc42780b86c013') in 0.030770 seconds
  Import took 0.035829 seconds .

========================================================================
Received Import Request.
  Time since last request: 10.821479 seconds.
  path: Assets/Scenes
  artifactKey: Guid(d5d0c8ab96b68584293c0d5a073f7f82) Importer(815301076,1909f56bfc062723c751e8b465ee728b)
Start importing Assets/Scenes using Guid(d5d0c8ab96b68584293c0d5a073f7f82) Importer(815301076,1909f56bfc062723c751e8b465ee728b)  -> (artifact id: '3ba6774c38945323b88ad091b5999f9a') in 0.018586 seconds
  Import took 0.023035 seconds .

========================================================================
Received Import Request.
  Time since last request: 1.229935 seconds.
  path: Assets/Scenes/SampleScene.unity
  artifactKey: Guid(2cda990e2423bbf4892e6590ba056729) Importer(815301076,1909f56bfc062723c751e8b465ee728b)
Start importing Assets/Scenes/SampleScene.unity using Guid(2cda990e2423bbf4892e6590ba056729) Importer(815301076,1909f56bfc062723c751e8b465ee728b)  -> (artifact id: '6cff102ba7022a9ae67f4ee6341e6ccc') in 0.012329 seconds
  Import took 0.021859 seconds .

========================================================================
Received Import Request.
  Time since last request: 6.388321 seconds.
  path: Assets/Nature_pixel_art_assets
  artifactKey: Guid(de0e1e810a0961440905e9c63296da46) Importer(815301076,1909f56bfc062723c751e8b465ee728b)
Start importing Assets/Nature_pixel_art_assets using Guid(de0e1e810a0961440905e9c63296da46) Importer(815301076,1909f56bfc062723c751e8b465ee728b)  -> (artifact id: 'fad5bf71a1fbd1401578f490778ffe3a') in 0.018000 seconds
  Import took 0.021708 seconds .

========================================================================
Received Import Request.
  Time since last request: 4.786560 seconds.
  path: Assets/FsmTest/Hero Knight - Pixel Art/Animations
  artifactKey: Guid(4d2058f5d413e8a42a0b44987c79c7bc) Importer(815301076,1909f56bfc062723c751e8b465ee728b)
Start importing Assets/FsmTest/Hero Knight - Pixel Art/Animations using Guid(4d2058f5d413e8a42a0b44987c79c7bc) Importer(815301076,1909f56bfc062723c751e8b465ee728b)  -> (artifact id: '6d9508fd8136b34be1e6c4a59e9ff460') in 0.016192 seconds
  Import took 0.020353 seconds .

========================================================================
Received Import Request.
  Time since last request: 26.835475 seconds.
  path: Assets/FsmTest/Hero Knight - Pixel Art/Sprites/HeroKnight.png
  artifactKey: Guid(ae297123f091bbf4e8f1835eb98fb293) Importer(815301076,1909f56bfc062723c751e8b465ee728b)
Start importing Assets/FsmTest/Hero Knight - Pixel Art/Sprites/HeroKnight.png using Guid(ae297123f091bbf4e8f1835eb98fb293) Importer(815301076,1909f56bfc062723c751e8b465ee728b)  -> (artifact id: '3d40d36e3f5e9c80078231799dbff154') in 0.283178 seconds
  Import took 0.287475 seconds .

========================================================================
Received Import Request.
  Time since last request: 6.826405 seconds.
  path: Assets/FsmTest/Hero Knight - Pixel Art/Sprites/HeroKnight.png
  artifactKey: Guid(ae297123f091bbf4e8f1835eb98fb293) Importer(815301076,1909f56bfc062723c751e8b465ee728b)
Start importing Assets/FsmTest/Hero Knight - Pixel Art/Sprites/HeroKnight.png using Guid(ae297123f091bbf4e8f1835eb98fb293) Importer(815301076,1909f56bfc062723c751e8b465ee728b)  -> (artifact id: '1088e8ae5980e8f6b52840115183e4db') in 0.218260 seconds
  Import took 0.223849 seconds .

========================================================================
Received Import Request.
  Time since last request: 67.481564 seconds.
  path: Assets/FsmTest/Hero Knight - Pixel Art/Animations/HeroKnight_0.controller
  artifactKey: Guid(9f18f5ad4ec16824ba3b2c9df89288e7) Importer(815301076,1909f56bfc062723c751e8b465ee728b)
Start importing Assets/FsmTest/Hero Knight - Pixel Art/Animations/HeroKnight_0.controller using Guid(9f18f5ad4ec16824ba3b2c9df89288e7) Importer(815301076,1909f56bfc062723c751e8b465ee728b)  -> (artifact id: 'f6781c08d2accc55d4ac4a7b0098a4af') in 0.020306 seconds
  Import took 0.025279 seconds .

========================================================================
Received Prepare
Registering precompiled user dll's ...
Registered in 0.001203 seconds.
Begin MonoManager ReloadAssembly
Native extension for WindowsStandalone target not found
Native extension for WebGL target not found
Refreshing native plugins compatible for Editor in 0.40 ms, found 1 plugins.
Preloading 0 native plugins for Editor in 0.00 ms.
Invoked RoslynAnalysisRunner static constructor.
RoslynAnalysisRunner will not be running.
RoslynAnalysisRunner has terminated.
Mono: successfully reloaded assembly
- Completed reload, in  0.989 seconds
Platform modules already initialized, skipping
Refreshing native plugins compatible for Editor in 0.41 ms, found 1 plugins.
Preloading 0 native plugins for Editor in 0.00 ms.
Unloading 1832 Unused Serialized files (Serialized files now loaded: 0)
System memory in use before: 88.9 MB.
System memory in use after: 89.0 MB.

Unloading 7 unused Assets to reduce memory usage. Loaded Objects now: 2363.
Total: 2.459600 ms (FindLiveObjects: 0.341200 ms CreateObjectMapping: 0.101300 ms MarkObjects: 2.000200 ms  DeleteObjects: 0.015700 ms)

